Traceback (most recent call last):
  File "D:\source\reposV2026\ecommerce\.venv\lib\site-packages\django\db\backends\utils.py", line 89, in _execute
    return self.cursor.execute(sql, params)
psycopg2.errors.UndefinedTable: relation "django_session" does not exist
LINE 1: UPDATE "django_session" SET "session_data" = '.eJxVjEEOwiAUR...
               ^


The above exception was the direct cause of the following exception:

Traceback (most recent call last):
  File "D:\source\reposV2026\ecommerce\backend\run_remote_loaddata.py", line 26, in <module>
    execute_from_command_line(['manage.py', 'loaddata', 'local_dump.json'])
  File "D:\source\reposV2026\ecommerce\.venv\lib\site-packages\django\core\management\__init__.py", line 442, in execute_from_command_line
    utility.execute()
  File "D:\source\reposV2026\ecommerce\.venv\lib\site-packages\django\core\management\__init__.py", line 436, in execute
    self.fetch_command(subcommand).run_from_argv(self.argv)
  File "D:\source\reposV2026\ecommerce\.venv\lib\site-packages\django\core\management\base.py", line 412, in run_from_argv
    self.execute(*args, **cmd_options)
  File "D:\source\reposV2026\ecommerce\.venv\lib\site-packages\django\core\management\base.py", line 458, in execute
    output = self.handle(*args, **options)
  File "D:\source\reposV2026\ecommerce\.venv\lib\site-packages\django\core\management\commands\loaddata.py", line 102, in handle
    self.loaddata(fixture_labels)
  File "D:\source\reposV2026\ecommerce\.venv\lib\site-packages\django\core\management\commands\loaddata.py", line 163, in loaddata
    self.load_label(fixture_label)
  File "D:\source\reposV2026\ecommerce\.venv\lib\site-packages\django\core\management\commands\loaddata.py", line 253, in load_label
    if self.save_obj(obj):
  File "D:\source\reposV2026\ecommerce\.venv\lib\site-packages\django\core\management\commands\loaddata.py", line 209, in save_obj
    obj.save(using=self.using)
  File "D:\source\reposV2026\ecommerce\.venv\lib\site-packages\django\core\serializers\base.py", line 288, in save
    models.Model.save_base(self.object, using=using, raw=True, **kwargs)
  File "D:\source\reposV2026\ecommerce\.venv\lib\site-packages\django\db\models\base.py", line 877, in save_base
    updated = self._save_table(
  File "D:\source\reposV2026\ecommerce\.venv\lib\site-packages\django\db\models\base.py", line 990, in _save_table
    updated = self._do_update(
  File "D:\source\reposV2026\ecommerce\.venv\lib\site-packages\django\db\models\base.py", line 1054, in _do_update
    return filtered._update(values) > 0
  File "D:\source\reposV2026\ecommerce\.venv\lib\site-packages\django\db\models\query.py", line 1233, in _update
    return query.get_compiler(self.db).execute_sql(CURSOR)
  File "D:\source\reposV2026\ecommerce\.venv\lib\site-packages\django\db\models\sql\compiler.py", line 1984, in execute_sql
    cursor = super().execute_sql(result_type)
  File "D:\source\reposV2026\ecommerce\.venv\lib\site-packages\django\db\models\sql\compiler.py", line 1562, in execute_sql
    cursor.execute(sql, params)
  File "D:\source\reposV2026\ecommerce\.venv\lib\site-packages\django\db\backends\utils.py", line 67, in execute
    return self._execute_with_wrappers(
  File "D:\source\reposV2026\ecommerce\.venv\lib\site-packages\django\db\backends\utils.py", line 80, in _execute_with_wrappers
    return executor(sql, params, many, context)
  File "D:\source\reposV2026\ecommerce\.venv\lib\site-packages\django\db\backends\utils.py", line 89, in _execute
    return self.cursor.execute(sql, params)
  File "D:\source\reposV2026\ecommerce\.venv\lib\site-packages\django\db\utils.py", line 91, in __exit__
    raise dj_exc_value.with_traceback(traceback) from exc_value
  File "D:\source\reposV2026\ecommerce\.venv\lib\site-packages\django\db\backends\utils.py", line 89, in _execute
    return self.cursor.execute(sql, params)
django.db.utils.ProgrammingError: Problem installing fixture 'D:\source\reposV2026\ecommerce\local_dump.json': Could not load sessions.Session(pk=beop9mrg3zyuqghxfv0o9iaf4bjaycz0): relation "django_session" does not exist
LINE 1: UPDATE "django_session" SET "session_data" = '.eJxVjEEOwiAUR...
               ^

